0 info it worked if it ends with ok
1 verbose cli [ '/usr/local/bin/node', '/usr/local/bin/npm', 'publish' ]
2 info using npm@3.10.10
3 info using node@v7.2.1
4 verbose publish [ '.' ]
5 silly cache add args [ '.', null ]
6 verbose cache add spec .
7 silly cache add parsed spec Result {
7 silly cache add   raw: '.',
7 silly cache add   scope: null,
7 silly cache add   escapedName: null,
7 silly cache add   name: null,
7 silly cache add   rawSpec: '.',
7 silly cache add   spec: '/Users/maor/logzio/hoconjs',
7 silly cache add   type: 'directory' }
8 verbose addLocalDirectory /Users/maor/.npm/hoconjs/1.0.0/package.tgz not in flight; packing
9 verbose correctMkdir /Users/maor/.npm correctMkdir not in flight; initializing
10 info lifecycle hoconjs@1.0.0~prepublish: hoconjs@1.0.0
11 silly lifecycle hoconjs@1.0.0~prepublish: no script for prepublish, continuing
12 verbose tar pack [ '/Users/maor/.npm/hoconjs/1.0.0/package.tgz',
12 verbose tar pack   '/Users/maor/logzio/hoconjs' ]
13 verbose tarball /Users/maor/.npm/hoconjs/1.0.0/package.tgz
14 verbose folder /Users/maor/logzio/hoconjs
15 verbose addLocalTarball adding from inside cache /Users/maor/.npm/hoconjs/1.0.0/package.tgz
16 verbose correctMkdir /Users/maor/.npm correctMkdir not in flight; initializing
17 silly cache afterAdd hoconjs@1.0.0
18 verbose afterAdd /Users/maor/.npm/hoconjs/1.0.0/package/package.json not in flight; writing
19 verbose correctMkdir /Users/maor/.npm correctMkdir not in flight; initializing
20 verbose afterAdd /Users/maor/.npm/hoconjs/1.0.0/package/package.json written
21 silly publish { name: 'hoconjs',
21 silly publish   version: '1.0.0',
21 silly publish   description: 'This is a very basic [Hocon](https://github.com/typesafehub/config/blob/master/HOCON.md) parser written in JavaScript.',
21 silly publish   main: 'hoconjs.js',
21 silly publish   scripts: { test: 'grunt test', release: 'grunt release' },
21 silly publish   repository:
21 silly publish    { type: 'git',
21 silly publish      url: 'git+https://github.com/yellowblood/hocon-js.git' },
21 silly publish   author: { name: 'Maor Rosenfeld' },
21 silly publish   contributors: [ { name: 'Maor Rosenfeld' }, { name: 'Gilly Barr' } ],
21 silly publish   license: 'ISC',
21 silly publish   bugs: { url: 'https://github.com/yellowblood/hocon-js/issues' },
21 silly publish   homepage: 'https://github.com/yellowblood/hocon-js#readme',
21 silly publish   dependencies: {},
21 silly publish   devDependencies:
21 silly publish    { grunt: '1.0.1',
21 silly publish      'grunt-contrib-qunit': '1.3.0',
21 silly publish      'grunt-contrib-uglify': '2.2.0',
21 silly publish      'grunt-umd': '2.4.0' },
21 silly publish   readme: '[![Travis Build Status](https://travis-ci.org/yellowblood/hocon-js.svg?branch=master)](https://travis-ci.org/yellowblood/hocon-js)\n\n# HoconJS\n\nThis is a very basic [Hocon](https://github.com/typesafehub/config/blob/master/HOCON.md) parser written in JavaScript.\n\nIt does almost no validation whatsoever but can create an object from most hocon files.\n\nPlease feel free to contribute with PRs.\n\nThis module is intended to work in the browser and nodejs.    \n\nBrowser usage :  \n```\n<script type="text/javascript" src="./build/hoconjs.min.js"></script>\n<script type="text/javascript">\n    var obj = parseHocon(someHoconText);\n</script>\n```\n\nNodeJS :  \n```\nvar parseHocon = require(\'./build/hoconjs.min.js\');\nvar obj = parseHocon(someHoconText);\n```\n\n## Scripts  \n* Installing : `npm install hoconjs`  \n* Running tests : `npm test`  \n* Building source : `npm run release`\n\n## Example Output\n\n**Input Hocon string:**\n\n```\n  myConfig.cool.numb: 5\n  myConfig.cool.stuff: {\n     x : quotesarebadmmkay\n     z : {\n       yes: \'no not really\'\n     }\n  }\n  myConfig.cool.stuff { z { no=\'yes yes really\' } }\n  myConfig.dupe: ${myConfig.cool.stuff.x}\n  meinarr [2,3, {x:haha}]\n  meinobj {hocon: issoweirdman}\n  notherobj : ${meinobj.hocon}\n```\n\n**Output object:**\n```\n{\n  "myConfig": {\n    "cool": {\n      "numb": 5,\n      "stuff": {\n        "x": "quotesarebadmmkay",\n        "z": {\n          "yes": "no not really",\n          "no": "yes yes really"\n        }\n      }\n    },\n    "dupe": "quotesarebadmmkay"\n  },\n  "meinarr": [2, 3, {\n    "x": "haha"\n  }],\n  "meinobj": {\n    "hocon": "issoweirdman"\n  },\n  "notherobj": "issoweirdman"\n}\n```\n\n## Features\n\n| Feature | Completion  | Example\n|---------|-------------|--------|\n| Objects | :white_check_mark: | `myKey { myOtherKey: \'myValue\' }`\n| Arrays | :white_check_mark: | `myKey [1,2,3,4]`\n| Comments | :white_check_mark: | `// some comment` `# some comment`\n| `=` and `:` Separators | :white_check_mark: | `myKey=\'myValue\'`\n| Unquoted Strings | :white_check_mark: | `myKey: myString`\n| Multiline Strings (`"""`) |  :white_check_mark: | `myKey: """what\'s happening"""`\n| Path Expressions |  :white_check_mark: | `myRoot.myKey.someKey : 4`\n| Substitutions |  :white_check_mark: | `myKey: $(myRoot.myKey)`\n| String Concatenation in Arrays | :white_check_mark: | `myArr: [hello there]` |\n| Objects Merging | :x: | |\n| Value Concatenation | :x: | |\n| `include` | :x: | | |\n',
21 silly publish   readmeFilename: 'README.md',
21 silly publish   gitHead: '5dedfc5faf137be69ed26193c703160a894f98e3',
21 silly publish   _id: 'hoconjs@1.0.0',
21 silly publish   _shasum: 'd11aaabfc5bce9209e6f7b4fc8d6579f71b04aa1',
21 silly publish   _from: '.' }
22 verbose getPublishConfig undefined
23 silly mapToRegistry name hoconjs
24 silly mapToRegistry using default registry
25 silly mapToRegistry registry https://registry.npmjs.org/
26 silly mapToRegistry data Result {
26 silly mapToRegistry   raw: 'hoconjs',
26 silly mapToRegistry   scope: null,
26 silly mapToRegistry   escapedName: 'hoconjs',
26 silly mapToRegistry   name: 'hoconjs',
26 silly mapToRegistry   rawSpec: '',
26 silly mapToRegistry   spec: 'latest',
26 silly mapToRegistry   type: 'tag' }
27 silly mapToRegistry uri https://registry.npmjs.org/hoconjs
28 verbose publish registryBase https://registry.npmjs.org/
29 silly publish uploading /Users/maor/.npm/hoconjs/1.0.0/package.tgz
30 verbose request uri https://registry.npmjs.org/hoconjs
31 verbose request sending authorization for write operation
32 info attempt registry request try #1 at 4:05:57 PM
33 verbose request using bearer token for auth
34 verbose request id 5962e328137204ea
35 http request PUT https://registry.npmjs.org/hoconjs
36 http 403 https://registry.npmjs.org/hoconjs
37 verbose headers { 'content-type': 'application/json',
37 verbose headers   'cache-control': 'max-age=300',
37 verbose headers   'content-length': '101',
37 verbose headers   'accept-ranges': 'bytes',
37 verbose headers   date: 'Mon, 21 Aug 2017 13:05:59 GMT',
37 verbose headers   via: '1.1 varnish',
37 verbose headers   connection: 'keep-alive',
37 verbose headers   'x-served-by': 'cache-iad2638-IAD',
37 verbose headers   'x-cache': 'MISS',
37 verbose headers   'x-cache-hits': '0',
37 verbose headers   'x-timer': 'S1503320759.783844,VS0,VE242',
37 verbose headers   vary: 'Accept-Encoding, Accept' }
38 verbose request invalidating /Users/maor/.npm/registry.npmjs.org/hoconjs on PUT
39 error publish Failed PUT 403
40 verbose stack Error: You do not have permission to publish "hoconjs". Are you logged in as the correct user? : hoconjs
40 verbose stack     at makeError (/usr/local/lib/node_modules/npm/node_modules/npm-registry-client/lib/request.js:302:12)
40 verbose stack     at CachingRegistryClient.<anonymous> (/usr/local/lib/node_modules/npm/node_modules/npm-registry-client/lib/request.js:290:14)
40 verbose stack     at Request._callback (/usr/local/lib/node_modules/npm/node_modules/npm-registry-client/lib/request.js:210:14)
40 verbose stack     at Request.self.callback (/usr/local/lib/node_modules/npm/node_modules/request/request.js:187:22)
40 verbose stack     at emitTwo (events.js:106:13)
40 verbose stack     at Request.emit (events.js:191:7)
40 verbose stack     at Request.<anonymous> (/usr/local/lib/node_modules/npm/node_modules/request/request.js:1048:10)
40 verbose stack     at emitOne (events.js:96:13)
40 verbose stack     at Request.emit (events.js:188:7)
40 verbose stack     at IncomingMessage.<anonymous> (/usr/local/lib/node_modules/npm/node_modules/request/request.js:969:12)
41 verbose statusCode 403
42 verbose pkgid hoconjs
43 verbose cwd /Users/maor/logzio/hoconjs
44 error Darwin 16.7.0
45 error argv "/usr/local/bin/node" "/usr/local/bin/npm" "publish"
46 error node v7.2.1
47 error npm  v3.10.10
48 error code E403
49 error You do not have permission to publish "hoconjs". Are you logged in as the correct user? : hoconjs
50 error If you need help, you may report this error at:
50 error     <https://github.com/npm/npm/issues>
51 verbose exit [ 1, true ]
